(2025-05-26 11:04:16,138) [INFO]: 
                         
███████╗ █████╗ ███████╗██╗   ██╗    ████████╗███████╗ █████╗ ██████╗ 
██╔════╝██╔══██╗██╔════╝╚██╗ ██╔╝    ╚══██╔══╝██╔════╝██╔══██╗██╔══██╗
█████╗  ███████║███████╗ ╚████╔╝        ██║   ███████╗███████║██║  ██║
██╔══╝  ██╔══██║╚════██║  ╚██╔╝         ██║   ╚════██║██╔══██║██║  ██║
███████╗██║  ██║███████║   ██║          ██║   ███████║██║  ██║██████╔╝
╚══════╝╚═╝  ╚═╝╚══════╝   ╚═╝          ╚═╝   ╚══════╝╚═╝  ╚═╝╚═════╝ 
                                                                      
                         
(2025-05-26 11:06:32,580) [INFO]: 
                         
███████╗ █████╗ ███████╗██╗   ██╗    ████████╗███████╗ █████╗ ██████╗ 
██╔════╝██╔══██╗██╔════╝╚██╗ ██╔╝    ╚══██╔══╝██╔════╝██╔══██╗██╔══██╗
█████╗  ███████║███████╗ ╚████╔╝        ██║   ███████╗███████║██║  ██║
██╔══╝  ██╔══██║╚════██║  ╚██╔╝         ██║   ╚════██║██╔══██║██║  ██║
███████╗██║  ██║███████║   ██║          ██║   ███████║██║  ██║██████╔╝
╚══════╝╚═╝  ╚═╝╚══════╝   ╚═╝          ╚═╝   ╚══════╝╚═╝  ╚═╝╚═════╝ 
                                                                      
                         
(2025-05-26 11:06:32,581) [INFO]: Dataset Directory has been loaded.
(2025-05-26 11:27:41,880) [INFO]: 
                         
███████╗ █████╗ ███████╗██╗   ██╗    ████████╗███████╗ █████╗ ██████╗ 
██╔════╝██╔══██╗██╔════╝╚██╗ ██╔╝    ╚══██╔══╝██╔════╝██╔══██╗██╔══██╗
█████╗  ███████║███████╗ ╚████╔╝        ██║   ███████╗███████║██║  ██║
██╔══╝  ██╔══██║╚════██║  ╚██╔╝         ██║   ╚════██║██╔══██║██║  ██║
███████╗██║  ██║███████║   ██║          ██║   ███████║██║  ██║██████╔╝
╚══════╝╚═╝  ╚═╝╚══════╝   ╚═╝          ╚═╝   ╚══════╝╚═╝  ╚═╝╚═════╝ 
                                                                      
                         
(2025-05-26 12:11:56,385) [INFO]: 
                         
███████╗ █████╗ ███████╗██╗   ██╗    ████████╗███████╗ █████╗ ██████╗ 
██╔════╝██╔══██╗██╔════╝╚██╗ ██╔╝    ╚══██╔══╝██╔════╝██╔══██╗██╔══██╗
█████╗  ███████║███████╗ ╚████╔╝        ██║   ███████╗███████║██║  ██║
██╔══╝  ██╔══██║╚════██║  ╚██╔╝         ██║   ╚════██║██╔══██║██║  ██║
███████╗██║  ██║███████║   ██║          ██║   ███████║██║  ██║██████╔╝
╚══════╝╚═╝  ╚═╝╚══════╝   ╚═╝          ╚═╝   ╚══════╝╚═╝  ╚═╝╚═════╝ 
                                                                      
                         
(2025-05-26 12:26:28,571) [INFO]: 
                         
███████╗ █████╗ ███████╗██╗   ██╗    ████████╗███████╗ █████╗ ██████╗ 
██╔════╝██╔══██╗██╔════╝╚██╗ ██╔╝    ╚══██╔══╝██╔════╝██╔══██╗██╔══██╗
█████╗  ███████║███████╗ ╚████╔╝        ██║   ███████╗███████║██║  ██║
██╔══╝  ██╔══██║╚════██║  ╚██╔╝         ██║   ╚════██║██╔══██║██║  ██║
███████╗██║  ██║███████║   ██║          ██║   ███████║██║  ██║██████╔╝
╚══════╝╚═╝  ╚═╝╚══════╝   ╚═╝          ╚═╝   ╚══════╝╚═╝  ╚═╝╚═════╝ 
                                                                      
                         
(2025-05-26 12:26:28,572) [INFO]: Dataset Directory has been loaded.
(2025-05-26 12:30:35,938) [INFO]: 
                         
███████╗ █████╗ ███████╗██╗   ██╗    ████████╗███████╗ █████╗ ██████╗ 
██╔════╝██╔══██╗██╔════╝╚██╗ ██╔╝    ╚══██╔══╝██╔════╝██╔══██╗██╔══██╗
█████╗  ███████║███████╗ ╚████╔╝        ██║   ███████╗███████║██║  ██║
██╔══╝  ██╔══██║╚════██║  ╚██╔╝         ██║   ╚════██║██╔══██║██║  ██║
███████╗██║  ██║███████║   ██║          ██║   ███████║██║  ██║██████╔╝
╚══════╝╚═╝  ╚═╝╚══════╝   ╚═╝          ╚═╝   ╚══════╝╚═╝  ╚═╝╚═════╝ 
                                                                      
                         
(2025-05-26 12:30:35,939) [INFO]: Dataset Directory has been loaded.
(2025-05-26 12:30:35,939) [INFO]: Dataset Directory has been loaded.
(2025-05-26 12:30:35,939) [INFO]: Dataset Directory has been loaded.
(2025-05-26 12:30:35,939) [INFO]: Dataset Directory has been loaded.
(2025-05-26 12:30:35,939) [INFO]: Dataset Directory has been loaded.
(2025-05-26 12:30:35,939) [INFO]: Dataset Directory has been loaded.
(2025-05-26 12:30:35,939) [INFO]: Dataset Directory has been loaded.
(2025-05-26 12:30:35,939) [INFO]: Dataset Directory has been loaded.
(2025-05-26 12:30:35,939) [INFO]: Run Experiments. Method[MTSExample], Schema[mts].
(2025-05-26 12:30:35,939) [INFO]: Use Function Parameters.
(2025-05-26 12:30:35,939) [INFO]:     [Load Data (All)] DataSets:  
(2025-05-26 12:37:56,316) [INFO]: 
                         
███████╗ █████╗ ███████╗██╗   ██╗    ████████╗███████╗ █████╗ ██████╗ 
██╔════╝██╔══██╗██╔════╝╚██╗ ██╔╝    ╚══██╔══╝██╔════╝██╔══██╗██╔══██╗
█████╗  ███████║███████╗ ╚████╔╝        ██║   ███████╗███████║██║  ██║
██╔══╝  ██╔══██║╚════██║  ╚██╔╝         ██║   ╚════██║██╔══██║██║  ██║
███████╗██║  ██║███████║   ██║          ██║   ███████║██║  ██║██████╔╝
╚══════╝╚═╝  ╚═╝╚══════╝   ╚═╝          ╚═╝   ╚══════╝╚═╝  ╚═╝╚═════╝ 
                                                                      
                         
(2025-05-26 12:37:56,317) [INFO]: Dataset Directory has been loaded.
(2025-05-26 12:37:56,317) [INFO]: Dataset Directory has been loaded.
(2025-05-26 12:37:56,317) [INFO]: Dataset Directory has been loaded.
(2025-05-26 12:37:56,317) [INFO]: Dataset Directory has been loaded.
(2025-05-26 12:37:56,317) [INFO]: Dataset Directory has been loaded.
(2025-05-26 12:37:56,317) [INFO]: Dataset Directory has been loaded.
(2025-05-26 12:37:56,317) [INFO]: Dataset Directory has been loaded.
(2025-05-26 12:37:56,317) [INFO]: Dataset Directory has been loaded.
(2025-05-26 12:37:56,317) [INFO]: Run Experiments. Method[MTSExample], Schema[mts].
(2025-05-26 12:37:56,317) [INFO]: Use Function Parameters.
(2025-05-26 12:37:56,318) [INFO]:     [Load Data (All)] DataSets: machine-1-8 
(2025-05-26 12:41:54,378) [INFO]: 
                         
███████╗ █████╗ ███████╗██╗   ██╗    ████████╗███████╗ █████╗ ██████╗ 
██╔════╝██╔══██╗██╔════╝╚██╗ ██╔╝    ╚══██╔══╝██╔════╝██╔══██╗██╔══██╗
█████╗  ███████║███████╗ ╚████╔╝        ██║   ███████╗███████║██║  ██║
██╔══╝  ██╔══██║╚════██║  ╚██╔╝         ██║   ╚════██║██╔══██║██║  ██║
███████╗██║  ██║███████║   ██║          ██║   ███████║██║  ██║██████╔╝
╚══════╝╚═╝  ╚═╝╚══════╝   ╚═╝          ╚═╝   ╚══════╝╚═╝  ╚═╝╚═════╝ 
                                                                      
                         
(2025-05-26 12:41:54,378) [INFO]: Dataset Directory has been loaded.
(2025-05-26 12:41:54,379) [INFO]: Dataset Directory has been loaded.
(2025-05-26 12:41:54,379) [INFO]: Dataset Directory has been loaded.
(2025-05-26 12:41:54,379) [INFO]: Dataset Directory has been loaded.
(2025-05-26 12:41:54,379) [INFO]: Dataset Directory has been loaded.
(2025-05-26 12:41:54,379) [INFO]: Dataset Directory has been loaded.
(2025-05-26 12:41:54,379) [INFO]: Dataset Directory has been loaded.
(2025-05-26 12:41:54,379) [INFO]: Dataset Directory has been loaded.
(2025-05-26 12:41:54,379) [INFO]: Run Experiments. Method[MTSExample], Schema[mts].
(2025-05-26 12:41:54,379) [INFO]: Use Function Parameters.
(2025-05-26 12:41:54,379) [INFO]:     [Load Data (All)] DataSets:  
(2025-05-27 01:00:17,479) [INFO]: 
                         
███████╗ █████╗ ███████╗██╗   ██╗    ████████╗███████╗ █████╗ ██████╗ 
██╔════╝██╔══██╗██╔════╝╚██╗ ██╔╝    ╚══██╔══╝██╔════╝██╔══██╗██╔══██╗
█████╗  ███████║███████╗ ╚████╔╝        ██║   ███████╗███████║██║  ██║
██╔══╝  ██╔══██║╚════██║  ╚██╔╝         ██║   ╚════██║██╔══██║██║  ██║
███████╗██║  ██║███████║   ██║          ██║   ███████║██║  ██║██████╔╝
╚══════╝╚═╝  ╚═╝╚══════╝   ╚═╝          ╚═╝   ╚══════╝╚═╝  ╚═╝╚═════╝ 
                                                                      
                         
(2025-05-27 01:00:17,480) [INFO]: Dataset Directory has been loaded.
(2025-05-27 01:02:06,039) [INFO]: 
                         
███████╗ █████╗ ███████╗██╗   ██╗    ████████╗███████╗ █████╗ ██████╗ 
██╔════╝██╔══██╗██╔════╝╚██╗ ██╔╝    ╚══██╔══╝██╔════╝██╔══██╗██╔══██╗
█████╗  ███████║███████╗ ╚████╔╝        ██║   ███████╗███████║██║  ██║
██╔══╝  ██╔══██║╚════██║  ╚██╔╝         ██║   ╚════██║██╔══██║██║  ██║
███████╗██║  ██║███████║   ██║          ██║   ███████║██║  ██║██████╔╝
╚══════╝╚═╝  ╚═╝╚══════╝   ╚═╝          ╚═╝   ╚══════╝╚═╝  ╚═╝╚═════╝ 
                                                                      
                         
(2025-05-27 01:02:06,040) [INFO]: Dataset Directory has been loaded.
(2025-05-27 01:02:06,040) [INFO]: Run Experiments. Method[MTSExample], Schema[mts].
(2025-05-27 01:02:06,040) [INFO]: Use Function Parameters.
(2025-05-27 01:02:06,040) [INFO]:     [Load Data (All)] DataSets:  
(2025-05-27 01:20:20,145) [INFO]: 
                         
███████╗ █████╗ ███████╗██╗   ██╗    ████████╗███████╗ █████╗ ██████╗ 
██╔════╝██╔══██╗██╔════╝╚██╗ ██╔╝    ╚══██╔══╝██╔════╝██╔══██╗██╔══██╗
█████╗  ███████║███████╗ ╚████╔╝        ██║   ███████╗███████║██║  ██║
██╔══╝  ██╔══██║╚════██║  ╚██╔╝         ██║   ╚════██║██╔══██║██║  ██║
███████╗██║  ██║███████║   ██║          ██║   ███████║██║  ██║██████╔╝
╚══════╝╚═╝  ╚═╝╚══════╝   ╚═╝          ╚═╝   ╚══════╝╚═╝  ╚═╝╚═════╝ 
                                                                      
                         
(2025-05-27 01:21:43,566) [INFO]: 
                         
███████╗ █████╗ ███████╗██╗   ██╗    ████████╗███████╗ █████╗ ██████╗ 
██╔════╝██╔══██╗██╔════╝╚██╗ ██╔╝    ╚══██╔══╝██╔════╝██╔══██╗██╔══██╗
█████╗  ███████║███████╗ ╚████╔╝        ██║   ███████╗███████║██║  ██║
██╔══╝  ██╔══██║╚════██║  ╚██╔╝         ██║   ╚════██║██╔══██║██║  ██║
███████╗██║  ██║███████║   ██║          ██║   ███████║██║  ██║██████╔╝
╚══════╝╚═╝  ╚═╝╚══════╝   ╚═╝          ╚═╝   ╚══════╝╚═╝  ╚═╝╚═════╝ 
                                                                      
                         
(2025-05-27 01:25:09,189) [INFO]: 
                         
███████╗ █████╗ ███████╗██╗   ██╗    ████████╗███████╗ █████╗ ██████╗ 
██╔════╝██╔══██╗██╔════╝╚██╗ ██╔╝    ╚══██╔══╝██╔════╝██╔══██╗██╔══██╗
█████╗  ███████║███████╗ ╚████╔╝        ██║   ███████╗███████║██║  ██║
██╔══╝  ██╔══██║╚════██║  ╚██╔╝         ██║   ╚════██║██╔══██║██║  ██║
███████╗██║  ██║███████║   ██║          ██║   ███████║██║  ██║██████╔╝
╚══════╝╚═╝  ╚═╝╚══════╝   ╚═╝          ╚═╝   ╚══════╝╚═╝  ╚═╝╚═════╝ 
                                                                      
                         
(2025-05-27 01:25:09,189) [INFO]: Dataset Directory has been loaded.
(2025-05-27 01:25:09,190) [INFO]: Run Experiments. Method[MTSExample], Schema[mts].
(2025-05-27 01:25:09,190) [INFO]: Use Function Parameters.
(2025-05-27 01:25:09,190) [INFO]:     [Load Data (All)] DataSets: machine-1 
(2025-05-27 01:34:16,142) [INFO]: 
                         
███████╗ █████╗ ███████╗██╗   ██╗    ████████╗███████╗ █████╗ ██████╗ 
██╔════╝██╔══██╗██╔════╝╚██╗ ██╔╝    ╚══██╔══╝██╔════╝██╔══██╗██╔══██╗
█████╗  ███████║███████╗ ╚████╔╝        ██║   ███████╗███████║██║  ██║
██╔══╝  ██╔══██║╚════██║  ╚██╔╝         ██║   ╚════██║██╔══██║██║  ██║
███████╗██║  ██║███████║   ██║          ██║   ███████║██║  ██║██████╔╝
╚══════╝╚═╝  ╚═╝╚══════╝   ╚═╝          ╚═╝   ╚══════╝╚═╝  ╚═╝╚═════╝ 
                                                                      
                         
(2025-05-27 01:34:16,143) [INFO]: Dataset Directory has been loaded.
(2025-05-27 01:34:16,143) [INFO]: Run Experiments. Method[MTSExample], Schema[mts].
(2025-05-27 01:34:16,143) [INFO]: Use Function Parameters.
(2025-05-27 01:34:16,143) [INFO]:     [Load Data (All)] DataSets:  
(2025-05-27 01:40:53,932) [INFO]: 
                         
███████╗ █████╗ ███████╗██╗   ██╗    ████████╗███████╗ █████╗ ██████╗ 
██╔════╝██╔══██╗██╔════╝╚██╗ ██╔╝    ╚══██╔══╝██╔════╝██╔══██╗██╔══██╗
█████╗  ███████║███████╗ ╚████╔╝        ██║   ███████╗███████║██║  ██║
██╔══╝  ██╔══██║╚════██║  ╚██╔╝         ██║   ╚════██║██╔══██║██║  ██║
███████╗██║  ██║███████║   ██║          ██║   ███████║██║  ██║██████╔╝
╚══════╝╚═╝  ╚═╝╚══════╝   ╚═╝          ╚═╝   ╚══════╝╚═╝  ╚═╝╚═════╝ 
                                                                      
                         
(2025-05-27 01:40:53,933) [INFO]: Dataset Directory has been loaded.
(2025-05-27 01:40:53,933) [INFO]: Run Experiments. Method[MTSExample], Schema[mts].
(2025-05-27 01:40:53,933) [INFO]: Use Function Parameters.
(2025-05-27 01:40:53,933) [INFO]:     [Load Data (All)] DataSets: machine-1 
(2025-05-27 01:49:55,225) [INFO]: 
                         
███████╗ █████╗ ███████╗██╗   ██╗    ████████╗███████╗ █████╗ ██████╗ 
██╔════╝██╔══██╗██╔════╝╚██╗ ██╔╝    ╚══██╔══╝██╔════╝██╔══██╗██╔══██╗
█████╗  ███████║███████╗ ╚████╔╝        ██║   ███████╗███████║██║  ██║
██╔══╝  ██╔══██║╚════██║  ╚██╔╝         ██║   ╚════██║██╔══██║██║  ██║
███████╗██║  ██║███████║   ██║          ██║   ███████║██║  ██║██████╔╝
╚══════╝╚═╝  ╚═╝╚══════╝   ╚═╝          ╚═╝   ╚══════╝╚═╝  ╚═╝╚═════╝ 
                                                                      
                         
(2025-05-27 01:49:55,226) [INFO]: Dataset Directory has been loaded.
(2025-05-27 01:49:55,226) [INFO]: Run Experiments. Method[MTSExample], Schema[mts].
(2025-05-27 01:49:55,226) [INFO]: Use Function Parameters.
(2025-05-27 01:49:55,226) [INFO]:     [Load Data (All)] DataSets: machine-1-1 
(2025-05-27 02:01:41,069) [INFO]: 
                         
███████╗ █████╗ ███████╗██╗   ██╗    ████████╗███████╗ █████╗ ██████╗ 
██╔════╝██╔══██╗██╔════╝╚██╗ ██╔╝    ╚══██╔══╝██╔════╝██╔══██╗██╔══██╗
█████╗  ███████║███████╗ ╚████╔╝        ██║   ███████╗███████║██║  ██║
██╔══╝  ██╔══██║╚════██║  ╚██╔╝         ██║   ╚════██║██╔══██║██║  ██║
███████╗██║  ██║███████║   ██║          ██║   ███████║██║  ██║██████╔╝
╚══════╝╚═╝  ╚═╝╚══════╝   ╚═╝          ╚═╝   ╚══════╝╚═╝  ╚═╝╚═════╝ 
                                                                      
                         
(2025-05-27 02:01:41,070) [INFO]: Dataset Directory has been loaded.
(2025-05-27 02:07:22,690) [INFO]: 
                         
███████╗ █████╗ ███████╗██╗   ██╗    ████████╗███████╗ █████╗ ██████╗ 
██╔════╝██╔══██╗██╔════╝╚██╗ ██╔╝    ╚══██╔══╝██╔════╝██╔══██╗██╔══██╗
█████╗  ███████║███████╗ ╚████╔╝        ██║   ███████╗███████║██║  ██║
██╔══╝  ██╔══██║╚════██║  ╚██╔╝         ██║   ╚════██║██╔══██║██║  ██║
███████╗██║  ██║███████║   ██║          ██║   ███████║██║  ██║██████╔╝
╚══════╝╚═╝  ╚═╝╚══════╝   ╚═╝          ╚═╝   ╚══════╝╚═╝  ╚═╝╚═════╝ 
                                                                      
                         
(2025-05-27 02:07:22,691) [INFO]: Dataset Directory has been loaded.
(2025-05-27 02:28:44,961) [INFO]: 
                         
███████╗ █████╗ ███████╗██╗   ██╗    ████████╗███████╗ █████╗ ██████╗ 
██╔════╝██╔══██╗██╔════╝╚██╗ ██╔╝    ╚══██╔══╝██╔════╝██╔══██╗██╔══██╗
█████╗  ███████║███████╗ ╚████╔╝        ██║   ███████╗███████║██║  ██║
██╔══╝  ██╔══██║╚════██║  ╚██╔╝         ██║   ╚════██║██╔══██║██║  ██║
███████╗██║  ██║███████║   ██║          ██║   ███████║██║  ██║██████╔╝
╚══════╝╚═╝  ╚═╝╚══════╝   ╚═╝          ╚═╝   ╚══════╝╚═╝  ╚═╝╚═════╝ 
                                                                      
                         
(2025-05-27 02:28:44,962) [INFO]: Dataset Directory has been loaded.
(2025-05-27 02:28:44,962) [INFO]: Run Experiments. Method[MTSExample], Schema[mts].
(2025-05-27 02:28:44,962) [INFO]: Use Function Parameters.
(2025-05-27 02:28:44,962) [INFO]:     [Load Data (All)] DataSets: machine-1 
(2025-05-27 02:35:56,839) [INFO]: 
                         
███████╗ █████╗ ███████╗██╗   ██╗    ████████╗███████╗ █████╗ ██████╗ 
██╔════╝██╔══██╗██╔════╝╚██╗ ██╔╝    ╚══██╔══╝██╔════╝██╔══██╗██╔══██╗
█████╗  ███████║███████╗ ╚████╔╝        ██║   ███████╗███████║██║  ██║
██╔══╝  ██╔══██║╚════██║  ╚██╔╝         ██║   ╚════██║██╔══██║██║  ██║
███████╗██║  ██║███████║   ██║          ██║   ███████║██║  ██║██████╔╝
╚══════╝╚═╝  ╚═╝╚══════╝   ╚═╝          ╚═╝   ╚══════╝╚═╝  ╚═╝╚═════╝ 
                                                                      
                         
(2025-05-27 02:35:56,840) [INFO]: Dataset Directory has been loaded.
(2025-05-27 02:35:56,840) [INFO]: Run Experiments. Method[MTSExample], Schema[mts].
(2025-05-27 02:35:56,841) [INFO]: Use Function Parameters.
(2025-05-27 02:35:56,841) [INFO]:     [Load Data (All)] DataSets: machine-1 
(2025-05-27 02:41:40,790) [INFO]: 
                         
███████╗ █████╗ ███████╗██╗   ██╗    ████████╗███████╗ █████╗ ██████╗ 
██╔════╝██╔══██╗██╔════╝╚██╗ ██╔╝    ╚══██╔══╝██╔════╝██╔══██╗██╔══██╗
█████╗  ███████║███████╗ ╚████╔╝        ██║   ███████╗███████║██║  ██║
██╔══╝  ██╔══██║╚════██║  ╚██╔╝         ██║   ╚════██║██╔══██║██║  ██║
███████╗██║  ██║███████║   ██║          ██║   ███████║██║  ██║██████╔╝
╚══════╝╚═╝  ╚═╝╚══════╝   ╚═╝          ╚═╝   ╚══════╝╚═╝  ╚═╝╚═════╝ 
                                                                      
                         
(2025-05-27 02:41:40,790) [INFO]: Dataset Directory has been loaded.
(2025-05-27 02:41:40,791) [INFO]: Run Experiments. Method[MTSExample], Schema[mts].
(2025-05-27 02:41:40,791) [INFO]: Use Function Parameters.
(2025-05-27 02:41:40,791) [INFO]:     [Load Data (All)] DataSets: machine-1 
(2025-05-27 02:41:41,230) [INFO]:     [MTSExample] handling dataset machine-1 | curve machine-1-4 
(2025-05-27 02:50:21,831) [INFO]: 
                         
███████╗ █████╗ ███████╗██╗   ██╗    ████████╗███████╗ █████╗ ██████╗ 
██╔════╝██╔══██╗██╔════╝╚██╗ ██╔╝    ╚══██╔══╝██╔════╝██╔══██╗██╔══██╗
█████╗  ███████║███████╗ ╚████╔╝        ██║   ███████╗███████║██║  ██║
██╔══╝  ██╔══██║╚════██║  ╚██╔╝         ██║   ╚════██║██╔══██║██║  ██║
███████╗██║  ██║███████║   ██║          ██║   ███████║██║  ██║██████╔╝
╚══════╝╚═╝  ╚═╝╚══════╝   ╚═╝          ╚═╝   ╚══════╝╚═╝  ╚═╝╚═════╝ 
                                                                      
                         
(2025-05-27 02:50:21,832) [INFO]: Dataset Directory has been loaded.
(2025-05-27 02:53:21,909) [INFO]: 
                         
███████╗ █████╗ ███████╗██╗   ██╗    ████████╗███████╗ █████╗ ██████╗ 
██╔════╝██╔══██╗██╔════╝╚██╗ ██╔╝    ╚══██╔══╝██╔════╝██╔══██╗██╔══██╗
█████╗  ███████║███████╗ ╚████╔╝        ██║   ███████╗███████║██║  ██║
██╔══╝  ██╔══██║╚════██║  ╚██╔╝         ██║   ╚════██║██╔══██║██║  ██║
███████╗██║  ██║███████║   ██║          ██║   ███████║██║  ██║██████╔╝
╚══════╝╚═╝  ╚═╝╚══════╝   ╚═╝          ╚═╝   ╚══════╝╚═╝  ╚═╝╚═════╝ 
                                                                      
                         
(2025-05-27 02:53:21,909) [INFO]: Dataset Directory has been loaded.
(2025-05-27 03:06:36,405) [INFO]: 
                         
███████╗ █████╗ ███████╗██╗   ██╗    ████████╗███████╗ █████╗ ██████╗ 
██╔════╝██╔══██╗██╔════╝╚██╗ ██╔╝    ╚══██╔══╝██╔════╝██╔══██╗██╔══██╗
█████╗  ███████║███████╗ ╚████╔╝        ██║   ███████╗███████║██║  ██║
██╔══╝  ██╔══██║╚════██║  ╚██╔╝         ██║   ╚════██║██╔══██║██║  ██║
███████╗██║  ██║███████║   ██║          ██║   ███████║██║  ██║██████╔╝
╚══════╝╚═╝  ╚═╝╚══════╝   ╚═╝          ╚═╝   ╚══════╝╚═╝  ╚═╝╚═════╝ 
                                                                      
                         
(2025-05-27 03:06:36,405) [INFO]: Dataset Directory has been loaded.
(2025-05-27 03:06:36,406) [INFO]: Run Experiments. Method[MTSExample], Schema[mts].
(2025-05-27 03:06:36,406) [INFO]: Use Function Parameters.
(2025-05-27 03:06:36,406) [INFO]:     [Load Data (All)] DataSets: machine-1/machine-1-1,machine-1/machine-1-2,machine-1/machine-1-3,machine-1/machine-1-4,machine-1/machine-1-5,machine-1/machine-1-6,machine-1/machine-1-7,machine-1/machine-1-8 
(2025-05-27 03:13:52,566) [INFO]: 
                         
███████╗ █████╗ ███████╗██╗   ██╗    ████████╗███████╗ █████╗ ██████╗ 
██╔════╝██╔══██╗██╔════╝╚██╗ ██╔╝    ╚══██╔══╝██╔════╝██╔══██╗██╔══██╗
█████╗  ███████║███████╗ ╚████╔╝        ██║   ███████╗███████║██║  ██║
██╔══╝  ██╔══██║╚════██║  ╚██╔╝         ██║   ╚════██║██╔══██║██║  ██║
███████╗██║  ██║███████║   ██║          ██║   ███████║██║  ██║██████╔╝
╚══════╝╚═╝  ╚═╝╚══════╝   ╚═╝          ╚═╝   ╚══════╝╚═╝  ╚═╝╚═════╝ 
                                                                      
                         
(2025-05-27 03:13:52,567) [INFO]: Dataset Directory has been loaded.
(2025-05-27 03:13:52,567) [INFO]: Run Experiments. Method[MTSExample], Schema[mts].
(2025-05-27 03:13:52,567) [INFO]: Use Function Parameters.
(2025-05-27 03:13:52,567) [INFO]:     [Load Data (All)] DataSets: machine-1 
(2025-05-27 03:13:53,026) [INFO]:     [MTSExample] handling dataset machine-1 | curve machine-1-4 
(2025-05-27 03:50:50,687) [INFO]: 
                         
███████╗ █████╗ ███████╗██╗   ██╗    ████████╗███████╗ █████╗ ██████╗ 
██╔════╝██╔══██╗██╔════╝╚██╗ ██╔╝    ╚══██╔══╝██╔════╝██╔══██╗██╔══██╗
█████╗  ███████║███████╗ ╚████╔╝        ██║   ███████╗███████║██║  ██║
██╔══╝  ██╔══██║╚════██║  ╚██╔╝         ██║   ╚════██║██╔══██║██║  ██║
███████╗██║  ██║███████║   ██║          ██║   ███████║██║  ██║██████╔╝
╚══════╝╚═╝  ╚═╝╚══════╝   ╚═╝          ╚═╝   ╚══════╝╚═╝  ╚═╝╚═════╝ 
                                                                      
                         
(2025-05-27 03:50:50,688) [INFO]: Dataset Directory has been loaded.
(2025-05-27 03:50:50,688) [INFO]: Run Experiments. Method[MTSExample], Schema[mts].
(2025-05-27 03:50:50,688) [INFO]: Use Function Parameters.
(2025-05-27 03:50:50,688) [INFO]:     [Load Data (All)] DataSets: machine-1 
(2025-05-27 03:50:51,130) [INFO]:     [MTSExample] handling dataset machine-1 | curve machine-1-4 
(2025-05-27 03:55:10,819) [INFO]: 
                         
███████╗ █████╗ ███████╗██╗   ██╗    ████████╗███████╗ █████╗ ██████╗ 
██╔════╝██╔══██╗██╔════╝╚██╗ ██╔╝    ╚══██╔══╝██╔════╝██╔══██╗██╔══██╗
█████╗  ███████║███████╗ ╚████╔╝        ██║   ███████╗███████║██║  ██║
██╔══╝  ██╔══██║╚════██║  ╚██╔╝         ██║   ╚════██║██╔══██║██║  ██║
███████╗██║  ██║███████║   ██║          ██║   ███████║██║  ██║██████╔╝
╚══════╝╚═╝  ╚═╝╚══════╝   ╚═╝          ╚═╝   ╚══════╝╚═╝  ╚═╝╚═════╝ 
                                                                      
                         
(2025-05-27 03:55:10,820) [INFO]: Dataset Directory has been loaded.
(2025-05-27 03:55:10,820) [INFO]: Run Experiments. Method[MTSExample], Schema[mts].
(2025-05-27 03:55:10,820) [INFO]: Use Function Parameters.
(2025-05-27 03:55:10,820) [INFO]:     [Load Data (All)] DataSets: machine-1 
(2025-05-27 03:55:11,262) [INFO]:     [MTSExample] handling dataset machine-1 | curve machine-1-4 
(2025-05-27 03:56:47,896) [INFO]: 
                         
███████╗ █████╗ ███████╗██╗   ██╗    ████████╗███████╗ █████╗ ██████╗ 
██╔════╝██╔══██╗██╔════╝╚██╗ ██╔╝    ╚══██╔══╝██╔════╝██╔══██╗██╔══██╗
█████╗  ███████║███████╗ ╚████╔╝        ██║   ███████╗███████║██║  ██║
██╔══╝  ██╔══██║╚════██║  ╚██╔╝         ██║   ╚════██║██╔══██║██║  ██║
███████╗██║  ██║███████║   ██║          ██║   ███████║██║  ██║██████╔╝
╚══════╝╚═╝  ╚═╝╚══════╝   ╚═╝          ╚═╝   ╚══════╝╚═╝  ╚═╝╚═════╝ 
                                                                      
                         
(2025-05-27 03:56:47,896) [INFO]: Dataset Directory has been loaded.
(2025-05-27 03:56:47,897) [INFO]: Run Experiments. Method[MTSExample], Schema[mts].
(2025-05-27 03:56:47,897) [INFO]: Use Function Parameters.
(2025-05-27 03:56:47,897) [INFO]:     [Load Data (All)] DataSets: machine-1 
(2025-05-27 03:56:48,375) [INFO]:     [MTSExample] handling dataset machine-1 | curve machine-1-4 
(2025-05-27 03:59:32,128) [INFO]: 
                         
███████╗ █████╗ ███████╗██╗   ██╗    ████████╗███████╗ █████╗ ██████╗ 
██╔════╝██╔══██╗██╔════╝╚██╗ ██╔╝    ╚══██╔══╝██╔════╝██╔══██╗██╔══██╗
█████╗  ███████║███████╗ ╚████╔╝        ██║   ███████╗███████║██║  ██║
██╔══╝  ██╔══██║╚════██║  ╚██╔╝         ██║   ╚════██║██╔══██║██║  ██║
███████╗██║  ██║███████║   ██║          ██║   ███████║██║  ██║██████╔╝
╚══════╝╚═╝  ╚═╝╚══════╝   ╚═╝          ╚═╝   ╚══════╝╚═╝  ╚═╝╚═════╝ 
                                                                      
                         
(2025-05-27 03:59:32,128) [INFO]: Dataset Directory has been loaded.
(2025-05-27 03:59:32,129) [INFO]: Run Experiments. Method[MTSExample], Schema[mts].
(2025-05-27 03:59:32,129) [INFO]: Use Function Parameters.
(2025-05-27 03:59:32,129) [INFO]:     [Load Data (All)] DataSets: machine-1 
(2025-05-27 03:59:32,599) [INFO]:     [MTSExample] handling dataset machine-1 | curve machine-1-4 
(2025-05-27 05:00:45,851) [INFO]: 
                         
███████╗ █████╗ ███████╗██╗   ██╗    ████████╗███████╗ █████╗ ██████╗ 
██╔════╝██╔══██╗██╔════╝╚██╗ ██╔╝    ╚══██╔══╝██╔════╝██╔══██╗██╔══██╗
█████╗  ███████║███████╗ ╚████╔╝        ██║   ███████╗███████║██║  ██║
██╔══╝  ██╔══██║╚════██║  ╚██╔╝         ██║   ╚════██║██╔══██║██║  ██║
███████╗██║  ██║███████║   ██║          ██║   ███████║██║  ██║██████╔╝
╚══════╝╚═╝  ╚═╝╚══════╝   ╚═╝          ╚═╝   ╚══════╝╚═╝  ╚═╝╚═════╝ 
                                                                      
                         
(2025-05-27 05:00:45,852) [INFO]: Dataset Directory has been loaded.
(2025-05-27 05:00:45,852) [INFO]: Run Experiments. Method[MTSExample], Schema[mts].
(2025-05-27 05:00:45,852) [INFO]: Use Function Parameters.
(2025-05-27 05:00:45,852) [INFO]:     [Load Data (All)] DataSets: machine-1 
(2025-05-27 05:00:46,332) [INFO]:     [MTSExample] handling dataset machine-1 | curve machine-1-4 
(2025-05-27 05:09:02,200) [INFO]: 
                         
███████╗ █████╗ ███████╗██╗   ██╗    ████████╗███████╗ █████╗ ██████╗ 
██╔════╝██╔══██╗██╔════╝╚██╗ ██╔╝    ╚══██╔══╝██╔════╝██╔══██╗██╔══██╗
█████╗  ███████║███████╗ ╚████╔╝        ██║   ███████╗███████║██║  ██║
██╔══╝  ██╔══██║╚════██║  ╚██╔╝         ██║   ╚════██║██╔══██║██║  ██║
███████╗██║  ██║███████║   ██║          ██║   ███████║██║  ██║██████╔╝
╚══════╝╚═╝  ╚═╝╚══════╝   ╚═╝          ╚═╝   ╚══════╝╚═╝  ╚═╝╚═════╝ 
                                                                      
                         
(2025-05-27 05:09:02,201) [INFO]: Dataset Directory has been loaded.
(2025-05-27 05:09:02,201) [INFO]: Run Experiments. Method[MTSExample], Schema[mts].
(2025-05-27 05:09:02,201) [INFO]: Use Function Parameters.
(2025-05-27 05:09:02,201) [INFO]:     [Load Data (All)] DataSets: machine-1 
(2025-05-27 05:09:02,636) [INFO]:     [MTSExample] handling dataset machine-1 | curve machine-1-4 
(2025-05-27 05:12:07,067) [INFO]: 
                         
███████╗ █████╗ ███████╗██╗   ██╗    ████████╗███████╗ █████╗ ██████╗ 
██╔════╝██╔══██╗██╔════╝╚██╗ ██╔╝    ╚══██╔══╝██╔════╝██╔══██╗██╔══██╗
█████╗  ███████║███████╗ ╚████╔╝        ██║   ███████╗███████║██║  ██║
██╔══╝  ██╔══██║╚════██║  ╚██╔╝         ██║   ╚════██║██╔══██║██║  ██║
███████╗██║  ██║███████║   ██║          ██║   ███████║██║  ██║██████╔╝
╚══════╝╚═╝  ╚═╝╚══════╝   ╚═╝          ╚═╝   ╚══════╝╚═╝  ╚═╝╚═════╝ 
                                                                      
                         
(2025-05-27 05:12:07,068) [INFO]: Dataset Directory has been loaded.
(2025-05-27 05:12:07,068) [INFO]: Run Experiments. Method[MTSExample], Schema[mts].
(2025-05-27 05:12:07,068) [INFO]: Use Function Parameters.
(2025-05-27 05:12:07,068) [INFO]:     [Load Data (All)] DataSets: machine-1 
(2025-05-27 05:12:07,493) [INFO]:     [MTSExample] handling dataset machine-1 | curve machine-1-4 
(2025-05-27 05:12:11,923) [INFO]:     [MTSExample] handling dataset machine-1 | curve machine-1-3 
(2025-05-27 05:12:14,475) [INFO]:     [MTSExample] handling dataset machine-1 | curve machine-1-7 
(2025-05-27 05:12:17,075) [INFO]:     [MTSExample] handling dataset machine-1 | curve machine-1-8 
(2025-05-27 05:12:19,624) [INFO]:     [MTSExample] handling dataset machine-1 | curve machine-1-2 
(2025-05-27 05:12:22,168) [INFO]:     [MTSExample] handling dataset machine-1 | curve machine-1-5 
(2025-05-27 05:12:24,718) [INFO]:     [MTSExample] handling dataset machine-1 | curve machine-1-1 
(2025-05-27 05:12:28,384) [INFO]:     [MTSExample] handling dataset machine-1 | curve machine-1-6 
(2025-05-27 07:00:44,150) [INFO]: 
                         
███████╗ █████╗ ███████╗██╗   ██╗    ████████╗███████╗ █████╗ ██████╗ 
██╔════╝██╔══██╗██╔════╝╚██╗ ██╔╝    ╚══██╔══╝██╔════╝██╔══██╗██╔══██╗
█████╗  ███████║███████╗ ╚████╔╝        ██║   ███████╗███████║██║  ██║
██╔══╝  ██╔══██║╚════██║  ╚██╔╝         ██║   ╚════██║██╔══██║██║  ██║
███████╗██║  ██║███████║   ██║          ██║   ███████║██║  ██║██████╔╝
╚══════╝╚═╝  ╚═╝╚══════╝   ╚═╝          ╚═╝   ╚══════╝╚═╝  ╚═╝╚═════╝ 
                                                                      
                         
(2025-05-27 07:00:44,151) [INFO]: Dataset Directory has been loaded.
(2025-05-27 07:00:44,151) [INFO]: Run Experiments. Method[MTSExample], Schema[mts].
(2025-05-27 07:00:44,151) [INFO]: Use Function Parameters.
(2025-05-27 07:00:44,151) [INFO]:     [Load Data (All)] DataSets: machine-1 
(2025-05-27 07:00:44,604) [INFO]:     [MTSExample] handling dataset machine-1 | curve machine-1-4 
(2025-05-27 07:00:49,179) [INFO]:     [MTSExample] handling dataset machine-1 | curve machine-1-3 
(2025-05-27 07:00:51,738) [INFO]:     [MTSExample] handling dataset machine-1 | curve machine-1-7 
(2025-05-27 07:00:54,290) [INFO]:     [MTSExample] handling dataset machine-1 | curve machine-1-8 
(2025-05-27 07:00:56,850) [INFO]:     [MTSExample] handling dataset machine-1 | curve machine-1-2 
(2025-05-27 07:00:59,400) [INFO]:     [MTSExample] handling dataset machine-1 | curve machine-1-5 
(2025-05-27 07:01:01,951) [INFO]:     [MTSExample] handling dataset machine-1 | curve machine-1-1 
(2025-05-27 07:01:05,653) [INFO]:     [MTSExample] handling dataset machine-1 | curve machine-1-6 
(2025-05-27 07:06:01,343) [INFO]: 
                         
███████╗ █████╗ ███████╗██╗   ██╗    ████████╗███████╗ █████╗ ██████╗ 
██╔════╝██╔══██╗██╔════╝╚██╗ ██╔╝    ╚══██╔══╝██╔════╝██╔══██╗██╔══██╗
█████╗  ███████║███████╗ ╚████╔╝        ██║   ███████╗███████║██║  ██║
██╔══╝  ██╔══██║╚════██║  ╚██╔╝         ██║   ╚════██║██╔══██║██║  ██║
███████╗██║  ██║███████║   ██║          ██║   ███████║██║  ██║██████╔╝
╚══════╝╚═╝  ╚═╝╚══════╝   ╚═╝          ╚═╝   ╚══════╝╚═╝  ╚═╝╚═════╝ 
                                                                      
                         
(2025-05-27 07:06:01,344) [INFO]: Dataset Directory has been loaded.
(2025-05-27 07:06:01,344) [INFO]: Run Experiments. Method[MTSExample], Schema[mts].
(2025-05-27 07:06:01,344) [INFO]: Use Function Parameters.
(2025-05-27 07:06:01,344) [INFO]:     [Load Data (All)] DataSets: machine-1 
(2025-05-27 07:06:01,799) [INFO]:     [MTSExample] handling dataset machine-1 | curve machine-1-4 
(2025-05-27 07:06:06,104) [INFO]:     [MTSExample] handling dataset machine-1 | curve machine-1-3 
(2025-05-27 07:06:08,656) [INFO]:     [MTSExample] handling dataset machine-1 | curve machine-1-7 
(2025-05-27 07:06:11,215) [INFO]:     [MTSExample] handling dataset machine-1 | curve machine-1-8 
(2025-05-27 07:06:13,759) [INFO]:     [MTSExample] handling dataset machine-1 | curve machine-1-2 
(2025-05-27 07:06:16,301) [INFO]:     [MTSExample] handling dataset machine-1 | curve machine-1-5 
(2025-05-27 07:06:18,846) [INFO]:     [MTSExample] handling dataset machine-1 | curve machine-1-1 
(2025-05-27 07:06:22,520) [INFO]:     [MTSExample] handling dataset machine-1 | curve machine-1-6 
(2025-05-27 07:16:53,315) [INFO]: 
                         
███████╗ █████╗ ███████╗██╗   ██╗    ████████╗███████╗ █████╗ ██████╗ 
██╔════╝██╔══██╗██╔════╝╚██╗ ██╔╝    ╚══██╔══╝██╔════╝██╔══██╗██╔══██╗
█████╗  ███████║███████╗ ╚████╔╝        ██║   ███████╗███████║██║  ██║
██╔══╝  ██╔══██║╚════██║  ╚██╔╝         ██║   ╚════██║██╔══██║██║  ██║
███████╗██║  ██║███████║   ██║          ██║   ███████║██║  ██║██████╔╝
╚══════╝╚═╝  ╚═╝╚══════╝   ╚═╝          ╚═╝   ╚══════╝╚═╝  ╚═╝╚═════╝ 
                                                                      
                         
(2025-05-27 07:16:53,316) [INFO]: Dataset Directory has been loaded.
(2025-05-27 07:16:53,316) [INFO]: Run Experiments. Method[MTSExample], Schema[mts].
(2025-05-27 07:16:53,316) [INFO]: Use Function Parameters.
(2025-05-27 07:16:53,316) [INFO]:     [Load Data (All)] DataSets: machine-1 
(2025-05-27 07:16:53,772) [INFO]:     [MTSExample] handling dataset machine-1 | curve machine-1-4 
(2025-05-27 07:16:58,081) [INFO]:     [MTSExample] handling dataset machine-1 | curve machine-1-3 
(2025-05-27 07:17:00,662) [INFO]:     [MTSExample] handling dataset machine-1 | curve machine-1-7 
(2025-05-27 07:17:03,218) [INFO]:     [MTSExample] handling dataset machine-1 | curve machine-1-8 
(2025-05-27 07:17:05,759) [INFO]:     [MTSExample] handling dataset machine-1 | curve machine-1-2 
(2025-05-27 07:17:08,358) [INFO]:     [MTSExample] handling dataset machine-1 | curve machine-1-5 
(2025-05-27 07:17:10,908) [INFO]:     [MTSExample] handling dataset machine-1 | curve machine-1-1 
(2025-05-27 07:17:14,570) [INFO]:     [MTSExample] handling dataset machine-1 | curve machine-1-6 
(2025-05-27 07:21:47,429) [INFO]: 
                         
███████╗ █████╗ ███████╗██╗   ██╗    ████████╗███████╗ █████╗ ██████╗ 
██╔════╝██╔══██╗██╔════╝╚██╗ ██╔╝    ╚══██╔══╝██╔════╝██╔══██╗██╔══██╗
█████╗  ███████║███████╗ ╚████╔╝        ██║   ███████╗███████║██║  ██║
██╔══╝  ██╔══██║╚════██║  ╚██╔╝         ██║   ╚════██║██╔══██║██║  ██║
███████╗██║  ██║███████║   ██║          ██║   ███████║██║  ██║██████╔╝
╚══════╝╚═╝  ╚═╝╚══════╝   ╚═╝          ╚═╝   ╚══════╝╚═╝  ╚═╝╚═════╝ 
                                                                      
                         
(2025-05-27 07:21:47,430) [INFO]: Dataset Directory has been loaded.
(2025-05-27 07:21:47,430) [INFO]: Run Experiments. Method[MTSExample], Schema[mts].
(2025-05-27 07:21:47,431) [INFO]: Use Function Parameters.
(2025-05-27 07:21:47,431) [INFO]:     [Load Data (All)] DataSets: machine-1 
(2025-05-27 07:21:47,887) [INFO]:     [MTSExample] handling dataset machine-1 | curve machine-1-4 
(2025-05-27 07:21:52,535) [INFO]:     [MTSExample] handling dataset machine-1 | curve machine-1-3 
(2025-05-27 07:21:55,121) [INFO]:     [MTSExample] handling dataset machine-1 | curve machine-1-7 
(2025-05-27 07:21:57,690) [INFO]:     [MTSExample] handling dataset machine-1 | curve machine-1-8 
(2025-05-27 07:22:00,242) [INFO]:     [MTSExample] handling dataset machine-1 | curve machine-1-2 
(2025-05-27 07:22:02,773) [INFO]:     [MTSExample] handling dataset machine-1 | curve machine-1-5 
(2025-05-27 07:22:05,324) [INFO]:     [MTSExample] handling dataset machine-1 | curve machine-1-1 
(2025-05-27 07:22:08,995) [INFO]:     [MTSExample] handling dataset machine-1 | curve machine-1-6 
(2025-05-27 07:22:11,641) [INFO]: Register evaluations
(2025-05-27 07:22:11,641) [INFO]: Perform evaluations. Method[MTSExample], Schema[mts].
(2025-05-27 07:22:11,641) [INFO]:     [Load Data (All)] DataSets: machine-1 
(2025-05-27 07:22:11,691) [INFO]:     [MTSExample] Eval dataset machine-1 <<<
(2025-05-27 07:22:11,691) [INFO]:         [machine-1] Using default margins (0, 5)
(2025-05-27 07:22:12,631) [INFO]: Plotting. Method[MTSExample], Schema[mts].
(2025-05-27 07:22:12,631) [INFO]:     [Load Data (All)] DataSets: machine-1 
(2025-05-27 07:22:12,680) [INFO]:     [MTSExample] Plot dataset machine-1 score only 
(2025-05-27 07:49:33,557) [INFO]: 
                         
███████╗ █████╗ ███████╗██╗   ██╗    ████████╗███████╗ █████╗ ██████╗ 
██╔════╝██╔══██╗██╔════╝╚██╗ ██╔╝    ╚══██╔══╝██╔════╝██╔══██╗██╔══██╗
█████╗  ███████║███████╗ ╚████╔╝        ██║   ███████╗███████║██║  ██║
██╔══╝  ██╔══██║╚════██║  ╚██╔╝         ██║   ╚════██║██╔══██║██║  ██║
███████╗██║  ██║███████║   ██║          ██║   ███████║██║  ██║██████╔╝
╚══════╝╚═╝  ╚═╝╚══════╝   ╚═╝          ╚═╝   ╚══════╝╚═╝  ╚═╝╚═════╝ 
                                                                      
                         
(2025-05-27 07:49:33,558) [INFO]: Dataset Directory has been loaded.
(2025-05-27 07:49:33,558) [INFO]: Run Experiments. Method[MTSExample], Schema[mts].
(2025-05-27 07:49:33,558) [INFO]: Use Function Parameters.
(2025-05-27 07:49:33,558) [INFO]:     [Load Data (All)] DataSets: machine-1 
(2025-05-27 07:49:34,027) [INFO]:     [MTSExample] handling dataset machine-1 | curve machine-1-4 
(2025-05-27 07:59:10,878) [INFO]: 
                         
███████╗ █████╗ ███████╗██╗   ██╗    ████████╗███████╗ █████╗ ██████╗ 
██╔════╝██╔══██╗██╔════╝╚██╗ ██╔╝    ╚══██╔══╝██╔════╝██╔══██╗██╔══██╗
█████╗  ███████║███████╗ ╚████╔╝        ██║   ███████╗███████║██║  ██║
██╔══╝  ██╔══██║╚════██║  ╚██╔╝         ██║   ╚════██║██╔══██║██║  ██║
███████╗██║  ██║███████║   ██║          ██║   ███████║██║  ██║██████╔╝
╚══════╝╚═╝  ╚═╝╚══════╝   ╚═╝          ╚═╝   ╚══════╝╚═╝  ╚═╝╚═════╝ 
                                                                      
                         
(2025-05-27 07:59:10,879) [INFO]: Dataset Directory has been loaded.
(2025-05-27 07:59:10,879) [INFO]: Run Experiments. Method[MTSExample], Schema[mts].
(2025-05-27 07:59:10,879) [INFO]: Use Function Parameters.
(2025-05-27 07:59:10,879) [INFO]:     [Load Data (All)] DataSets: machine-1 
(2025-05-27 07:59:11,338) [INFO]:     [MTSExample] handling dataset machine-1 | curve machine-1-4 
(2025-05-27 08:00:01,239) [INFO]: 
                         
███████╗ █████╗ ███████╗██╗   ██╗    ████████╗███████╗ █████╗ ██████╗ 
██╔════╝██╔══██╗██╔════╝╚██╗ ██╔╝    ╚══██╔══╝██╔════╝██╔══██╗██╔══██╗
█████╗  ███████║███████╗ ╚████╔╝        ██║   ███████╗███████║██║  ██║
██╔══╝  ██╔══██║╚════██║  ╚██╔╝         ██║   ╚════██║██╔══██║██║  ██║
███████╗██║  ██║███████║   ██║          ██║   ███████║██║  ██║██████╔╝
╚══════╝╚═╝  ╚═╝╚══════╝   ╚═╝          ╚═╝   ╚══════╝╚═╝  ╚═╝╚═════╝ 
                                                                      
                         
(2025-05-27 08:00:01,240) [INFO]: Dataset Directory has been loaded.
(2025-05-27 08:00:01,240) [INFO]: Run Experiments. Method[MTSExample], Schema[mts].
(2025-05-27 08:00:01,240) [INFO]: Use Function Parameters.
(2025-05-27 08:00:01,240) [INFO]:     [Load Data (All)] DataSets: machine-1 
(2025-05-27 08:00:01,717) [INFO]:     [MTSExample] handling dataset machine-1 | curve machine-1-4 
(2025-05-27 08:00:56,296) [INFO]: 
                         
███████╗ █████╗ ███████╗██╗   ██╗    ████████╗███████╗ █████╗ ██████╗ 
██╔════╝██╔══██╗██╔════╝╚██╗ ██╔╝    ╚══██╔══╝██╔════╝██╔══██╗██╔══██╗
█████╗  ███████║███████╗ ╚████╔╝        ██║   ███████╗███████║██║  ██║
██╔══╝  ██╔══██║╚════██║  ╚██╔╝         ██║   ╚════██║██╔══██║██║  ██║
███████╗██║  ██║███████║   ██║          ██║   ███████║██║  ██║██████╔╝
╚══════╝╚═╝  ╚═╝╚══════╝   ╚═╝          ╚═╝   ╚══════╝╚═╝  ╚═╝╚═════╝ 
                                                                      
                         
(2025-05-27 08:00:56,297) [INFO]: Dataset Directory has been loaded.
(2025-05-27 08:00:56,297) [INFO]: Run Experiments. Method[MTSExample], Schema[mts].
(2025-05-27 08:00:56,297) [INFO]: Use Function Parameters.
(2025-05-27 08:00:56,297) [INFO]:     [Load Data (All)] DataSets: machine-1 
(2025-05-27 08:00:56,797) [INFO]:     [MTSExample] handling dataset machine-1 | curve machine-1-4 
(2025-05-27 08:01:03,061) [INFO]:     [MTSExample] handling dataset machine-1 | curve machine-1-3 
(2025-05-27 08:01:07,441) [INFO]:     [MTSExample] handling dataset machine-1 | curve machine-1-7 
(2025-05-27 08:01:13,061) [INFO]:     [MTSExample] handling dataset machine-1 | curve machine-1-8 
(2025-05-27 08:01:20,389) [INFO]:     [MTSExample] handling dataset machine-1 | curve machine-1-2 
(2025-05-27 08:01:28,671) [INFO]:     [MTSExample] handling dataset machine-1 | curve machine-1-5 
(2025-05-27 08:01:39,360) [INFO]:     [MTSExample] handling dataset machine-1 | curve machine-1-1 
(2025-05-27 08:01:51,977) [INFO]:     [MTSExample] handling dataset machine-1 | curve machine-1-6 
(2025-05-27 08:01:57,718) [INFO]: Register evaluations
(2025-05-27 08:01:57,719) [INFO]: Perform evaluations. Method[MTSExample], Schema[mts].
(2025-05-27 08:01:57,719) [INFO]:     [Load Data (All)] DataSets: machine-1 
(2025-05-27 08:01:57,841) [INFO]:     [MTSExample] Eval dataset machine-1 <<<
(2025-05-27 08:01:57,842) [INFO]:         [machine-1] Using default margins (0, 5)
(2025-05-27 08:01:58,777) [INFO]: Plotting. Method[MTSExample], Schema[mts].
(2025-05-27 08:01:58,778) [INFO]:     [Load Data (All)] DataSets: machine-1 
(2025-05-27 08:01:58,821) [INFO]:     [MTSExample] Plot dataset machine-1 score only 
(2025-05-27 08:05:23,457) [INFO]: 
                         
███████╗ █████╗ ███████╗██╗   ██╗    ████████╗███████╗ █████╗ ██████╗ 
██╔════╝██╔══██╗██╔════╝╚██╗ ██╔╝    ╚══██╔══╝██╔════╝██╔══██╗██╔══██╗
█████╗  ███████║███████╗ ╚████╔╝        ██║   ███████╗███████║██║  ██║
██╔══╝  ██╔══██║╚════██║  ╚██╔╝         ██║   ╚════██║██╔══██║██║  ██║
███████╗██║  ██║███████║   ██║          ██║   ███████║██║  ██║██████╔╝
╚══════╝╚═╝  ╚═╝╚══════╝   ╚═╝          ╚═╝   ╚══════╝╚═╝  ╚═╝╚═════╝ 
                                                                      
                         
(2025-05-27 08:05:23,458) [INFO]: Dataset Directory has been loaded.
(2025-05-27 08:05:23,458) [INFO]: Run Experiments. Method[MTSExample], Schema[mts].
(2025-05-27 08:05:23,458) [INFO]: Use Function Parameters.
(2025-05-27 08:05:23,458) [INFO]:     [Load Data (All)] DataSets: machine-1 
(2025-05-27 08:05:23,879) [INFO]:     [MTSExample] handling dataset machine-1 | curve machine-1-4 
(2025-05-27 08:05:28,176) [INFO]:     [MTSExample] handling dataset machine-1 | curve machine-1-3 
(2025-05-27 08:05:31,406) [INFO]:     [MTSExample] handling dataset machine-1 | curve machine-1-7 
(2025-05-27 08:05:34,627) [INFO]:     [MTSExample] handling dataset machine-1 | curve machine-1-8 
(2025-05-27 08:05:37,844) [INFO]:     [MTSExample] handling dataset machine-1 | curve machine-1-2 
(2025-05-27 08:05:41,054) [INFO]:     [MTSExample] handling dataset machine-1 | curve machine-1-5 
(2025-05-27 08:05:44,268) [INFO]:     [MTSExample] handling dataset machine-1 | curve machine-1-1 
(2025-05-27 08:05:48,892) [INFO]:     [MTSExample] handling dataset machine-1 | curve machine-1-6 
(2025-05-27 08:05:52,149) [INFO]: Register evaluations
(2025-05-27 08:05:52,149) [INFO]: Perform evaluations. Method[MTSExample], Schema[mts].
(2025-05-27 08:05:52,149) [INFO]:     [Load Data (All)] DataSets: machine-1 
(2025-05-27 08:05:52,265) [INFO]:     [MTSExample] Eval dataset machine-1 <<<
(2025-05-27 08:05:52,265) [INFO]:         [machine-1] Using default margins (0, 5)
(2025-05-27 08:05:53,140) [INFO]: Plotting. Method[MTSExample], Schema[mts].
(2025-05-27 08:05:53,140) [INFO]:     [Load Data (All)] DataSets: machine-1 
(2025-05-27 08:05:53,163) [INFO]:     [MTSExample] Plot dataset machine-1 score only 
(2025-05-27 08:17:52,814) [INFO]: 
                         
███████╗ █████╗ ███████╗██╗   ██╗    ████████╗███████╗ █████╗ ██████╗ 
██╔════╝██╔══██╗██╔════╝╚██╗ ██╔╝    ╚══██╔══╝██╔════╝██╔══██╗██╔══██╗
█████╗  ███████║███████╗ ╚████╔╝        ██║   ███████╗███████║██║  ██║
██╔══╝  ██╔══██║╚════██║  ╚██╔╝         ██║   ╚════██║██╔══██║██║  ██║
███████╗██║  ██║███████║   ██║          ██║   ███████║██║  ██║██████╔╝
╚══════╝╚═╝  ╚═╝╚══════╝   ╚═╝          ╚═╝   ╚══════╝╚═╝  ╚═╝╚═════╝ 
                                                                      
                         
(2025-05-27 08:17:52,814) [INFO]: Dataset Directory has been loaded.
(2025-05-27 08:17:52,814) [INFO]: Run Experiments. Method[MTSExample], Schema[mts].
(2025-05-27 08:17:52,815) [INFO]: Use Function Parameters.
(2025-05-27 08:17:52,815) [INFO]:     [Load Data (All)] DataSets: machine-1 
(2025-05-27 08:17:53,276) [INFO]:     [MTSExample] handling dataset machine-1 | curve machine-1-4 
(2025-05-27 08:17:57,853) [INFO]:     [MTSExample] handling dataset machine-1 | curve machine-1-3 
(2025-05-27 08:18:00,424) [INFO]:     [MTSExample] handling dataset machine-1 | curve machine-1-7 
(2025-05-27 08:18:02,989) [INFO]:     [MTSExample] handling dataset machine-1 | curve machine-1-8 
(2025-05-27 08:18:05,562) [INFO]:     [MTSExample] handling dataset machine-1 | curve machine-1-2 
(2025-05-27 08:18:08,125) [INFO]:     [MTSExample] handling dataset machine-1 | curve machine-1-5 
(2025-05-27 08:18:10,694) [INFO]:     [MTSExample] handling dataset machine-1 | curve machine-1-1 
(2025-05-27 08:18:14,389) [INFO]:     [MTSExample] handling dataset machine-1 | curve machine-1-6 
(2025-05-27 08:18:17,003) [INFO]: Register evaluations
(2025-05-27 08:18:17,003) [INFO]: Perform evaluations. Method[MTSExample], Schema[mts].
(2025-05-27 08:18:17,003) [INFO]:     [Load Data (All)] DataSets: machine-1 
(2025-05-27 08:18:17,048) [INFO]:     [MTSExample] Eval dataset machine-1 <<<
(2025-05-27 08:18:17,049) [INFO]:         [machine-1] Using default margins (0, 5)
(2025-05-27 08:18:17,972) [INFO]: Plotting. Method[MTSExample], Schema[mts].
(2025-05-27 08:18:17,973) [INFO]:     [Load Data (All)] DataSets: machine-1 
(2025-05-27 08:18:18,016) [INFO]:     [MTSExample] Plot dataset machine-1 score only 
(2025-05-27 08:31:09,529) [INFO]: 
                         
███████╗ █████╗ ███████╗██╗   ██╗    ████████╗███████╗ █████╗ ██████╗ 
██╔════╝██╔══██╗██╔════╝╚██╗ ██╔╝    ╚══██╔══╝██╔════╝██╔══██╗██╔══██╗
█████╗  ███████║███████╗ ╚████╔╝        ██║   ███████╗███████║██║  ██║
██╔══╝  ██╔══██║╚════██║  ╚██╔╝         ██║   ╚════██║██╔══██║██║  ██║
███████╗██║  ██║███████║   ██║          ██║   ███████║██║  ██║██████╔╝
╚══════╝╚═╝  ╚═╝╚══════╝   ╚═╝          ╚═╝   ╚══════╝╚═╝  ╚═╝╚═════╝ 
                                                                      
                         
(2025-05-27 08:31:09,529) [INFO]: Dataset Directory has been loaded.
(2025-05-27 08:31:09,530) [INFO]: Run Experiments. Method[MTSExample], Schema[mts].
(2025-05-27 08:31:09,530) [INFO]: Use Function Parameters.
(2025-05-27 08:31:09,530) [INFO]:     [Load Data (All)] DataSets: machine-1 
(2025-05-27 08:31:10,004) [INFO]:     [MTSExample] handling dataset machine-1 | curve machine-1-4 
(2025-05-27 08:31:14,555) [INFO]:     [MTSExample] handling dataset machine-1 | curve machine-1-3 
(2025-05-27 08:31:17,131) [INFO]:     [MTSExample] handling dataset machine-1 | curve machine-1-7 
(2025-05-27 08:31:19,696) [INFO]:     [MTSExample] handling dataset machine-1 | curve machine-1-8 
(2025-05-27 08:31:22,245) [INFO]:     [MTSExample] handling dataset machine-1 | curve machine-1-2 
(2025-05-27 08:31:24,789) [INFO]:     [MTSExample] handling dataset machine-1 | curve machine-1-5 
(2025-05-27 08:31:27,332) [INFO]:     [MTSExample] handling dataset machine-1 | curve machine-1-1 
(2025-05-27 08:31:30,994) [INFO]:     [MTSExample] handling dataset machine-1 | curve machine-1-6 
(2025-05-27 08:31:33,593) [INFO]: Register evaluations
(2025-05-27 08:31:33,593) [INFO]: Perform evaluations. Method[MTSExample], Schema[mts].
(2025-05-27 08:31:33,593) [INFO]:     [Load Data (All)] DataSets: machine-1 
(2025-05-27 08:31:33,639) [INFO]:     [MTSExample] Eval dataset machine-1 <<<
(2025-05-27 08:31:33,639) [INFO]:         [machine-1] Using default margins (0, 5)
(2025-05-27 08:31:34,576) [INFO]: Plotting. Method[MTSExample], Schema[mts].
(2025-05-27 08:31:34,576) [INFO]:     [Load Data (All)] DataSets: machine-1 
(2025-05-27 08:31:34,619) [INFO]:     [MTSExample] Plot dataset machine-1 score only 
(2025-05-27 11:05:45,808) [INFO]: 
                         
███████╗ █████╗ ███████╗██╗   ██╗    ████████╗███████╗ █████╗ ██████╗ 
██╔════╝██╔══██╗██╔════╝╚██╗ ██╔╝    ╚══██╔══╝██╔════╝██╔══██╗██╔══██╗
█████╗  ███████║███████╗ ╚████╔╝        ██║   ███████╗███████║██║  ██║
██╔══╝  ██╔══██║╚════██║  ╚██╔╝         ██║   ╚════██║██╔══██║██║  ██║
███████╗██║  ██║███████║   ██║          ██║   ███████║██║  ██║██████╔╝
╚══════╝╚═╝  ╚═╝╚══════╝   ╚═╝          ╚═╝   ╚══════╝╚═╝  ╚═╝╚═════╝ 
                                                                      
                         
(2025-05-27 11:05:45,809) [INFO]: Dataset Directory has been loaded.
(2025-05-27 11:05:45,809) [INFO]: Run Experiments. Method[MTSExample], Schema[mts].
(2025-05-27 11:05:45,809) [INFO]: Use Function Parameters.
(2025-05-27 11:05:45,809) [INFO]:     [Load Data (All)] DataSets: machine-1 
(2025-05-27 11:05:46,270) [INFO]:     [MTSExample] handling dataset machine-1 | curve machine-1-4 
(2025-05-27 11:05:50,618) [INFO]:     [MTSExample] handling dataset machine-1 | curve machine-1-3 
(2025-05-27 11:05:53,163) [INFO]:     [MTSExample] handling dataset machine-1 | curve machine-1-7 
(2025-05-27 11:05:55,697) [INFO]:     [MTSExample] handling dataset machine-1 | curve machine-1-8 
(2025-05-27 11:05:58,259) [INFO]:     [MTSExample] handling dataset machine-1 | curve machine-1-2 
(2025-05-27 11:06:00,805) [INFO]:     [MTSExample] handling dataset machine-1 | curve machine-1-5 
(2025-05-27 11:06:03,377) [INFO]:     [MTSExample] handling dataset machine-1 | curve machine-1-1 
(2025-05-27 11:06:07,053) [INFO]:     [MTSExample] handling dataset machine-1 | curve machine-1-6 
(2025-05-27 11:06:09,701) [INFO]: Register evaluations
(2025-05-27 11:06:09,702) [INFO]: Perform evaluations. Method[MTSExample], Schema[mts].
(2025-05-27 11:06:09,702) [INFO]:     [Load Data (All)] DataSets: machine-1 
(2025-05-27 11:06:09,748) [INFO]:     [MTSExample] Eval dataset machine-1 <<<
(2025-05-27 11:06:09,748) [INFO]:         [machine-1] Using default margins (0, 5)
(2025-05-27 11:06:10,669) [INFO]: Plotting. Method[MTSExample], Schema[mts].
(2025-05-27 11:06:10,669) [INFO]:     [Load Data (All)] DataSets: machine-1 
(2025-05-27 11:06:10,711) [INFO]:     [MTSExample] Plot dataset machine-1 score only 
(2025-05-27 11:09:31,170) [INFO]: 
                         
███████╗ █████╗ ███████╗██╗   ██╗    ████████╗███████╗ █████╗ ██████╗ 
██╔════╝██╔══██╗██╔════╝╚██╗ ██╔╝    ╚══██╔══╝██╔════╝██╔══██╗██╔══██╗
█████╗  ███████║███████╗ ╚████╔╝        ██║   ███████╗███████║██║  ██║
██╔══╝  ██╔══██║╚════██║  ╚██╔╝         ██║   ╚════██║██╔══██║██║  ██║
███████╗██║  ██║███████║   ██║          ██║   ███████║██║  ██║██████╔╝
╚══════╝╚═╝  ╚═╝╚══════╝   ╚═╝          ╚═╝   ╚══════╝╚═╝  ╚═╝╚═════╝ 
                                                                      
                         
(2025-05-27 11:09:31,170) [INFO]: Dataset Directory has been loaded.
(2025-05-27 11:09:31,171) [INFO]: Run Experiments. Method[EnsembleMTSExample], Schema[mts].
(2025-05-27 11:09:31,171) [INFO]: Use Function Parameters.
(2025-05-27 11:09:31,171) [INFO]:     [Load Data (All)] DataSets: machine-1 
(2025-05-27 11:09:31,625) [INFO]:     [EnsembleMTSExample] handling dataset machine-1 | curve machine-1-4 
(2025-05-27 11:09:40,659) [INFO]:     [EnsembleMTSExample] handling dataset machine-1 | curve machine-1-3 
(2025-05-27 11:09:48,305) [INFO]:     [EnsembleMTSExample] handling dataset machine-1 | curve machine-1-7 
(2025-05-27 11:09:55,981) [INFO]:     [EnsembleMTSExample] handling dataset machine-1 | curve machine-1-8 
(2025-05-27 11:10:03,677) [INFO]:     [EnsembleMTSExample] handling dataset machine-1 | curve machine-1-2 
(2025-05-27 11:10:11,375) [INFO]:     [EnsembleMTSExample] handling dataset machine-1 | curve machine-1-5 
(2025-05-27 11:10:19,050) [INFO]:     [EnsembleMTSExample] handling dataset machine-1 | curve machine-1-1 
(2025-05-27 11:10:30,276) [INFO]:     [EnsembleMTSExample] handling dataset machine-1 | curve machine-1-6 
(2025-05-27 11:10:37,981) [INFO]: Register evaluations
(2025-05-27 11:10:37,981) [INFO]: Perform evaluations. Method[EnsembleMTSExample], Schema[mts].
(2025-05-27 11:10:37,981) [INFO]:     [Load Data (All)] DataSets: machine-1 
(2025-05-27 11:10:38,022) [INFO]:     [EnsembleMTSExample] Eval dataset machine-1 <<<
(2025-05-27 11:10:38,022) [INFO]:         [machine-1] Using default margins (0, 5)
(2025-05-27 11:10:38,936) [INFO]: Plotting. Method[EnsembleMTSExample], Schema[mts].
(2025-05-27 11:10:38,936) [INFO]:     [Load Data (All)] DataSets: machine-1 
(2025-05-27 11:10:38,978) [INFO]:     [EnsembleMTSExample] Plot dataset machine-1 score only 
(2025-05-27 11:15:27,101) [INFO]: 
                         
███████╗ █████╗ ███████╗██╗   ██╗    ████████╗███████╗ █████╗ ██████╗ 
██╔════╝██╔══██╗██╔════╝╚██╗ ██╔╝    ╚══██╔══╝██╔════╝██╔══██╗██╔══██╗
█████╗  ███████║███████╗ ╚████╔╝        ██║   ███████╗███████║██║  ██║
██╔══╝  ██╔══██║╚════██║  ╚██╔╝         ██║   ╚════██║██╔══██║██║  ██║
███████╗██║  ██║███████║   ██║          ██║   ███████║██║  ██║██████╔╝
╚══════╝╚═╝  ╚═╝╚══════╝   ╚═╝          ╚═╝   ╚══════╝╚═╝  ╚═╝╚═════╝ 
                                                                      
                         
(2025-05-27 11:15:27,102) [INFO]: Dataset Directory has been loaded.
(2025-05-27 11:15:27,102) [INFO]: Run Experiments. Method[EnsembleMTSExample], Schema[mts].
(2025-05-27 11:15:27,102) [INFO]: Use Function Parameters.
(2025-05-27 11:15:27,103) [INFO]:     [Load Data (All)] DataSets: machine-1 
(2025-05-27 11:15:27,620) [INFO]:     [EnsembleMTSExample] handling dataset machine-1 | curve machine-1-4 
(2025-05-27 11:15:36,836) [INFO]:     [EnsembleMTSExample] handling dataset machine-1 | curve machine-1-3 
(2025-05-27 11:15:44,729) [INFO]:     [EnsembleMTSExample] handling dataset machine-1 | curve machine-1-7 
(2025-05-27 11:15:52,568) [INFO]:     [EnsembleMTSExample] handling dataset machine-1 | curve machine-1-8 
(2025-05-27 11:16:00,408) [INFO]:     [EnsembleMTSExample] handling dataset machine-1 | curve machine-1-2 
(2025-05-27 11:16:08,257) [INFO]:     [EnsembleMTSExample] handling dataset machine-1 | curve machine-1-5 
(2025-05-27 11:16:16,082) [INFO]:     [EnsembleMTSExample] handling dataset machine-1 | curve machine-1-1 
(2025-05-27 11:16:27,472) [INFO]:     [EnsembleMTSExample] handling dataset machine-1 | curve machine-1-6 
(2025-05-27 11:16:35,444) [INFO]: Register evaluations
(2025-05-27 11:16:35,445) [INFO]: Perform evaluations. Method[EnsembleMTSExample], Schema[mts].
(2025-05-27 11:16:35,445) [INFO]:     [Load Data (All)] DataSets: machine-1 
(2025-05-27 11:16:35,489) [INFO]:     [EnsembleMTSExample] Eval dataset machine-1 <<<
(2025-05-27 11:16:35,489) [INFO]:         [machine-1] Using default margins (0, 5)
(2025-05-27 11:16:36,431) [INFO]: Plotting. Method[EnsembleMTSExample], Schema[mts].
(2025-05-27 11:16:36,431) [INFO]:     [Load Data (All)] DataSets: machine-1 
(2025-05-27 11:16:36,474) [INFO]:     [EnsembleMTSExample] Plot dataset machine-1 score only 
(2025-05-27 11:53:48,826) [INFO]: 
                         
███████╗ █████╗ ███████╗██╗   ██╗    ████████╗███████╗ █████╗ ██████╗ 
██╔════╝██╔══██╗██╔════╝╚██╗ ██╔╝    ╚══██╔══╝██╔════╝██╔══██╗██╔══██╗
█████╗  ███████║███████╗ ╚████╔╝        ██║   ███████╗███████║██║  ██║
██╔══╝  ██╔══██║╚════██║  ╚██╔╝         ██║   ╚════██║██╔══██║██║  ██║
███████╗██║  ██║███████║   ██║          ██║   ███████║██║  ██║██████╔╝
╚══════╝╚═╝  ╚═╝╚══════╝   ╚═╝          ╚═╝   ╚══════╝╚═╝  ╚═╝╚═════╝ 
                                                                      
                         
(2025-05-27 11:53:48,827) [INFO]: Dataset Directory has been loaded.
(2025-05-27 11:53:48,827) [INFO]: Run Experiments. Method[EnsembleMTSExample], Schema[mts].
(2025-05-27 11:53:48,827) [INFO]: Use Function Parameters.
(2025-05-27 11:53:48,827) [INFO]:     [Load Data (All)] DataSets: machine-1 
(2025-05-27 11:53:49,281) [INFO]:     [EnsembleMTSExample] handling dataset machine-1 | curve machine-1-4 
(2025-05-27 12:11:16,412) [INFO]:     [EnsembleMTSExample] handling dataset machine-1 | curve machine-1-3 
(2025-05-27 12:29:17,716) [INFO]:     [EnsembleMTSExample] handling dataset machine-1 | curve machine-1-7 
(2025-05-27 12:47:17,036) [INFO]:     [EnsembleMTSExample] handling dataset machine-1 | curve machine-1-8 
(2025-05-27 13:05:15,547) [INFO]:     [EnsembleMTSExample] handling dataset machine-1 | curve machine-1-2 
(2025-05-27 13:23:16,126) [INFO]:     [EnsembleMTSExample] handling dataset machine-1 | curve machine-1-5 
(2025-05-27 13:30:27,698) [INFO]: 
                         
███████╗ █████╗ ███████╗██╗   ██╗    ████████╗███████╗ █████╗ ██████╗ 
██╔════╝██╔══██╗██╔════╝╚██╗ ██╔╝    ╚══██╔══╝██╔════╝██╔══██╗██╔══██╗
█████╗  ███████║███████╗ ╚████╔╝        ██║   ███████╗███████║██║  ██║
██╔══╝  ██╔══██║╚════██║  ╚██╔╝         ██║   ╚════██║██╔══██║██║  ██║
███████╗██║  ██║███████║   ██║          ██║   ███████║██║  ██║██████╔╝
╚══════╝╚═╝  ╚═╝╚══════╝   ╚═╝          ╚═╝   ╚══════╝╚═╝  ╚═╝╚═════╝ 
                                                                      
                         
(2025-05-27 13:30:27,698) [INFO]: Dataset Directory has been loaded.
(2025-05-27 13:30:27,699) [INFO]: Run Experiments. Method[EnsembleMTSExample], Schema[mts].
(2025-05-27 13:30:27,699) [INFO]: Use Function Parameters.
(2025-05-27 13:30:27,699) [INFO]:     [Load Data (All)] DataSets: machine-1 
(2025-05-27 13:30:28,154) [INFO]:     [EnsembleMTSExample] handling dataset machine-1 | curve machine-1-4 
(2025-05-27 13:48:00,381) [INFO]:     [EnsembleMTSExample] handling dataset machine-1 | curve machine-1-3 
(2025-05-27 14:05:25,782) [INFO]:     [EnsembleMTSExample] handling dataset machine-1 | curve machine-1-7 
(2025-05-27 14:22:49,149) [INFO]:     [EnsembleMTSExample] handling dataset machine-1 | curve machine-1-8 
(2025-05-27 14:40:11,494) [INFO]:     [EnsembleMTSExample] handling dataset machine-1 | curve machine-1-2 
(2025-05-27 14:57:34,654) [INFO]:     [EnsembleMTSExample] handling dataset machine-1 | curve machine-1-5 
(2025-05-27 15:14:58,751) [INFO]:     [EnsembleMTSExample] handling dataset machine-1 | curve machine-1-1 
(2025-05-28 00:27:41,706) [INFO]: 
                         
███████╗ █████╗ ███████╗██╗   ██╗    ████████╗███████╗ █████╗ ██████╗ 
██╔════╝██╔══██╗██╔════╝╚██╗ ██╔╝    ╚══██╔══╝██╔════╝██╔══██╗██╔══██╗
█████╗  ███████║███████╗ ╚████╔╝        ██║   ███████╗███████║██║  ██║
██╔══╝  ██╔══██║╚════██║  ╚██╔╝         ██║   ╚════██║██╔══██║██║  ██║
███████╗██║  ██║███████║   ██║          ██║   ███████║██║  ██║██████╔╝
╚══════╝╚═╝  ╚═╝╚══════╝   ╚═╝          ╚═╝   ╚══════╝╚═╝  ╚═╝╚═════╝ 
                                                                      
                         
(2025-05-28 00:27:41,707) [INFO]: Dataset Directory has been loaded.
(2025-05-28 00:27:41,707) [INFO]: Run Experiments. Method[EnsembleMTSExample], Schema[mts].
(2025-05-28 00:27:41,707) [INFO]: Use Function Parameters.
(2025-05-28 00:27:41,707) [INFO]:     [Load Data (All)] DataSets: machine-1 
(2025-05-28 00:27:42,169) [INFO]:     [EnsembleMTSExample] handling dataset machine-1 | curve machine-1-4 
(2025-05-28 00:36:55,650) [INFO]:     [EnsembleMTSExample] handling dataset machine-1 | curve machine-1-3 
(2025-05-28 00:46:04,452) [INFO]:     [EnsembleMTSExample] handling dataset machine-1 | curve machine-1-7 
(2025-05-28 00:55:14,596) [INFO]:     [EnsembleMTSExample] handling dataset machine-1 | curve machine-1-8 
(2025-05-28 01:04:23,643) [INFO]:     [EnsembleMTSExample] handling dataset machine-1 | curve machine-1-2 
(2025-05-28 01:13:32,109) [INFO]:     [EnsembleMTSExample] handling dataset machine-1 | curve machine-1-5 
(2025-05-28 01:22:40,937) [INFO]:     [EnsembleMTSExample] handling dataset machine-1 | curve machine-1-1 
